[debug] [2025-06-29T13:34:09.288Z] ----------------------------------------------------------------------
[debug] [2025-06-29T13:34:09.292Z] Command:       C:\Program Files\nodejs\node.exe C:\Users\Asus\AppData\Roaming\npm\node_modules\firebase-tools\lib\bin\firebase.js init hosting
[debug] [2025-06-29T13:34:09.293Z] CLI Version:   14.8.0
[debug] [2025-06-29T13:34:09.293Z] Platform:      win32
[debug] [2025-06-29T13:34:09.293Z] Node Version:  v22.14.0
[debug] [2025-06-29T13:34:09.294Z] Time:          Sun Jun 29 2025 19:04:09 GMT+0530 (India Standard Time)
[debug] [2025-06-29T13:34:09.294Z] ----------------------------------------------------------------------
[debug] 
[debug] [2025-06-29T13:34:09.612Z] > command requires scopes: ["email","openid","https://www.googleapis.com/auth/cloudplatformprojects.readonly","https://www.googleapis.com/auth/firebase","https://www.googleapis.com/auth/cloud-platform"]
[debug] [2025-06-29T13:34:09.612Z] > authorizing via signed-in user (arnabdas1.cbss@gmail.com)
[info] 
     ######## #### ########  ######## ########     ###     ######  ########
     ##        ##  ##     ## ##       ##     ##  ##   ##  ##       ##
     ######    ##  ########  ######   ########  #########  ######  ######
     ##        ##  ##    ##  ##       ##     ## ##     ##       ## ##
     ##       #### ##     ## ######## ########  ##     ##  ######  ########

You're about to initialize a Firebase project in this directory:

  C:\Users\Asus\OneDrive\Desktop\ev-recharge-bunk

Before we get started, keep in mind:

  * You are initializing within an existing Firebase project directory

[info] 
=== Project Setup
[info] 
[info] First, let's associate this project directory with a Firebase project.
[info] You can create multiple project aliases by running firebase use --add, 
[info] but for now we'll just set up a default project.
[info] 
[debug] [2025-06-29T13:34:15.122Z] Using project from CLI flag: ev-recharge-bunk-b6707
[debug] [2025-06-29T13:34:15.124Z] Checked if tokens are valid: false, expires at: 1750956563692
[debug] [2025-06-29T13:34:15.124Z] Checked if tokens are valid: false, expires at: 1750956563692
[debug] [2025-06-29T13:34:15.125Z] > refreshing access token with scopes: []
[debug] [2025-06-29T13:34:15.127Z] >>> [apiv2][query] POST https://www.googleapis.com/oauth2/v3/token [none]
[debug] [2025-06-29T13:34:15.127Z] >>> [apiv2][body] POST https://www.googleapis.com/oauth2/v3/token [omitted]
[debug] [2025-06-29T13:34:15.551Z] <<< [apiv2][status] POST https://www.googleapis.com/oauth2/v3/token 200
[debug] [2025-06-29T13:34:15.551Z] <<< [apiv2][body] POST https://www.googleapis.com/oauth2/v3/token [omitted]
[debug] [2025-06-29T13:34:15.578Z] >>> [apiv2][query] GET https://firebase.googleapis.com/v1beta1/projects/ev-recharge-bunk-b6707 [none]
[debug] [2025-06-29T13:34:16.194Z] <<< [apiv2][status] GET https://firebase.googleapis.com/v1beta1/projects/ev-recharge-bunk-b6707 200
[debug] [2025-06-29T13:34:16.194Z] <<< [apiv2][body] GET https://firebase.googleapis.com/v1beta1/projects/ev-recharge-bunk-b6707 {"projectId":"ev-recharge-bunk-b6707","projectNumber":"1024337257163","displayName":"ev-recharge-bunk","name":"projects/ev-recharge-bunk-b6707","resources":{"hostingSite":"ev-recharge-bunk-b6707"},"state":"ACTIVE","etag":"1_e8104fea-f133-4062-abc0-2dbcd112c891"}
[info] i  Using project ev-recharge-bunk-b6707 (ev-recharge-bunk) 
[info] 
=== Hosting Setup
[debug] [2025-06-29T13:34:16.211Z] Checked if tokens are valid: true, expires at: 1751207654551
[debug] [2025-06-29T13:34:16.212Z] Checked if tokens are valid: true, expires at: 1751207654551
[debug] [2025-06-29T13:34:16.212Z] >>> [apiv2][query] GET https://firebase.googleapis.com/v1beta1/projects/ev-recharge-bunk-b6707 [none]
[debug] [2025-06-29T13:34:16.919Z] <<< [apiv2][status] GET https://firebase.googleapis.com/v1beta1/projects/ev-recharge-bunk-b6707 200
[debug] [2025-06-29T13:34:16.919Z] <<< [apiv2][body] GET https://firebase.googleapis.com/v1beta1/projects/ev-recharge-bunk-b6707 {"projectId":"ev-recharge-bunk-b6707","projectNumber":"1024337257163","displayName":"ev-recharge-bunk","name":"projects/ev-recharge-bunk-b6707","resources":{"hostingSite":"ev-recharge-bunk-b6707"},"state":"ACTIVE","etag":"1_e8104fea-f133-4062-abc0-2dbcd112c891"}
[info] 
[info] Your public directory is the folder (relative to your project directory) that
[info] will contain Hosting assets to be uploaded with firebase deploy. If you
[info] have a build process for your assets, use your build's output directory.
[info] 
[debug] [2025-06-29T13:34:28.607Z] >>> [apiv2][query] GET https://www.gstatic.com/firebasejs/releases.json [none]
[debug] [2025-06-29T13:34:28.812Z] <<< [apiv2][status] GET https://www.gstatic.com/firebasejs/releases.json 200
[debug] [2025-06-29T13:34:28.813Z] <<< [apiv2][body] GET https://www.gstatic.com/firebasejs/releases.json {"current":{"version":"11.9.1","browserURL":"https://www.gstatic.com/firebasejs/11.9.1/firebase.js","packageURL":"https://www.gstatic.com/firebasejs/11.9.1/firebase.tgz"},"live":{"version":"11.9","browserURL":"https://www.gstatic.com/firebasejs/live/11.9/firebase.js","packageURL":"https://www.gstatic.com/firebasejs/live/11.9/firebase.tgz"},"components":{"ai":"https://www.gstatic.com/firebasejs/11.9.1/firebase-ai.js","analytics":"https://www.gstatic.com/firebasejs/11.9.1/firebase-analytics.js","app":"https://www.gstatic.com/firebasejs/11.9.1/firebase-app.js","app-check":"https://www.gstatic.com/firebasejs/11.9.1/firebase-app-check.js","auth":"https://www.gstatic.com/firebasejs/11.9.1/firebase-auth.js","auth/cordova":"https://www.gstatic.com/firebasejs/11.9.1/firebase-auth/cordova.js","auth/web-extension":"https://www.gstatic.com/firebasejs/11.9.1/firebase-auth/web-extension.js","functions":"https://www.gstatic.com/firebasejs/11.9.1/firebase-functions.js","firestore":"https://www.gstatic.com/firebasejs/11.9.1/firebase-firestore.js","firestore/lite":"https://www.gstatic.com/firebasejs/11.9.1/firebase-firestore/lite.js","installations":"https://www.gstatic.com/firebasejs/11.9.1/firebase-installations.js","storage":"https://www.gstatic.com/firebasejs/11.9.1/firebase-storage.js","performance":"https://www.gstatic.com/firebasejs/11.9.1/firebase-performance.js","remote-config":"https://www.gstatic.com/firebasejs/11.9.1/firebase-remote-config.js","messaging":"https://www.gstatic.com/firebasejs/11.9.1/firebase-messaging.js","messaging/sw":"https://www.gstatic.com/firebasejs/11.9.1/firebase-messaging/sw.js","database":"https://www.gstatic.com/firebasejs/11.9.1/firebase-database.js","vertexai":"https://www.gstatic.com/firebasejs/11.9.1/firebase-vertexai.js","data-connect":"https://www.gstatic.com/firebasejs/11.9.1/firebase-data-connect.js","firestore.memory":"https://www.gstatic.com/firebasejs/11.9.1/firebase-firestore.memory.js"}}
[info] i  public/index.html is unchanged 
[info] 
[info] i  Didn't detect a .git folder. Assuming C:\Users\Asus\OneDrive\Desktop\ev-recharge-bunk is the project root. 
[info] i  Authorizing with GitHub to upload your service account to a GitHub repository's secrets store. 
[info] 
[info] Visit this URL on this device to log in:
[info] https://github.com/login/oauth/authorize?client_id=89cf50f02ac6aaed3484&state=1017958724&redirect_uri=http%3A%2F%2Flocalhost%3A9005&scope=read%3Auser%20repo%20public_repo
[info] 
[info] Waiting for authentication...
[debug] [2025-06-29T13:34:29.826Z] >>> [apiv2][query] POST https://github.com/login/oauth/access_token [none]
[debug] [2025-06-29T13:34:29.826Z] >>> [apiv2][body] POST https://github.com/login/oauth/access_token [stream]
[debug] [2025-06-29T13:34:30.541Z] <<< [apiv2][status] POST https://github.com/login/oauth/access_token 200
[debug] [2025-06-29T13:34:30.541Z] <<< [apiv2][body] POST https://github.com/login/oauth/access_token {"access_token":"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","token_type":"bearer","scope":"read:user,repo"}
[debug] [2025-06-29T13:34:30.549Z] >>> [apiv2][query] GET https://api.github.com/user [none]
[debug] [2025-06-29T13:34:31.360Z] <<< [apiv2][status] GET https://api.github.com/user 200
[debug] [2025-06-29T13:34:31.361Z] <<< [apiv2][body] GET https://api.github.com/user {"login":"arnab676667","id":213158286,"node_id":"U_kgDODLSJjg","avatar_url":"https://avatars.githubusercontent.com/u/213158286?v=4","gravatar_id":"","url":"https://api.github.com/users/arnab676667","html_url":"https://github.com/arnab676667","followers_url":"https://api.github.com/users/arnab676667/followers","following_url":"https://api.github.com/users/arnab676667/following{/other_user}","gists_url":"https://api.github.com/users/arnab676667/gists{/gist_id}","starred_url":"https://api.github.com/users/arnab676667/starred{/owner}{/repo}","subscriptions_url":"https://api.github.com/users/arnab676667/subscriptions","organizations_url":"https://api.github.com/users/arnab676667/orgs","repos_url":"https://api.github.com/users/arnab676667/repos","events_url":"https://api.github.com/users/arnab676667/events{/privacy}","received_events_url":"https://api.github.com/users/arnab676667/received_events","type":"User","user_view_type":"private","site_admin":false,"name":null,"company":null,"blog":"","location":null,"email":null,"hireable":null,"bio":null,"twitter_username":null,"notification_email":null,"public_repos":0,"public_gists":0,"followers":0,"following":0,"created_at":"2025-05-24T06:19:28Z","updated_at":"2025-06-28T14:40:49Z","private_gists":0,"total_private_repos":1,"owned_private_repos":1,"disk_usage":0,"collaborators":0,"two_factor_authentication":false,"plan":{"name":"free","space":976562499,"collaborators":0,"private_repos":10000}}
[info] 
[info] +  Success! Logged into GitHub as arnab676667 
[info] 
[debug] [2025-06-29T13:34:39.131Z] >>> [apiv2][query] GET https://api.github.com/repos/user/actions/secrets/public-key type=owner
[debug] [2025-06-29T13:34:39.589Z] <<< [apiv2][status] GET https://api.github.com/repos/user/actions/secrets/public-key 404
[debug] [2025-06-29T13:34:39.589Z] <<< [apiv2][body] GET https://api.github.com/repos/user/actions/secrets/public-key {"message":"Not Found","documentation_url":"https://docs.github.com/rest","status":"404"}
[info] 
[info] 
[error] !  The provided authorization cannot be used with this repository. If this repository is in an organization, did you remember to grant access? 
[info] 
[info] i  Action required: Visit this URL to ensure access has been granted to the appropriate organization(s) for the Firebase CLI GitHub OAuth App: 
[info] https://github.com/settings/connections/applications/89cf50f02ac6aaed3484
[info] 
[debug] [2025-06-29T13:34:57.025Z] >>> [apiv2][query] GET https://api.github.com/repos/repository/actions/secrets/public-key type=owner
[debug] [2025-06-29T13:34:57.517Z] <<< [apiv2][status] GET https://api.github.com/repos/repository/actions/secrets/public-key 404
[debug] [2025-06-29T13:34:57.517Z] <<< [apiv2][body] GET https://api.github.com/repos/repository/actions/secrets/public-key {"message":"Not Found","documentation_url":"https://docs.github.com/rest","status":"404"}
[info] 
[info] 
[error] !  The provided authorization cannot be used with this repository. If this repository is in an organization, did you remember to grant access? 
[info] 
[info] i  Action required: Visit this URL to ensure access has been granted to the appropriate organization(s) for the Firebase CLI GitHub OAuth App: 
[info] https://github.com/settings/connections/applications/89cf50f02ac6aaed3484
[info] 
[debug] [2025-06-29T13:37:22.035Z] ExitPromptError: User force closed the prompt with SIGINT
    at Interface.sigint (C:\Users\Asus\AppData\Roaming\npm\node_modules\firebase-tools\node_modules\@inquirer\core\dist\commonjs\lib\create-prompt.js:101:37)
    at Interface.emit (node:events:518:28)
    at Interface.emit (node:domain:489:12)
    at [_ttyWrite] [as _ttyWrite] (node:internal/readline/interface:1124:18)
    at ReadStream.onkeypress (node:internal/readline/interface:263:20)
    at ReadStream.emit (node:events:530:35)
    at ReadStream.emit (node:domain:489:12)
    at emitKeys (node:internal/readline/utils:370:14)
    at emitKeys.next (<anonymous>)
    at ReadStream.onData (node:internal/readline/emitKeypressEvents:64:36)
[error] 
[error] Error: An unexpected error has occurred.
[debug] [2025-06-29T13:37:28.708Z] ----------------------------------------------------------------------
[debug] [2025-06-29T13:37:28.712Z] Command:       C:\Program Files\nodejs\node.exe C:\Users\Asus\AppData\Roaming\npm\node_modules\firebase-tools\lib\bin\firebase.js init hosting
[debug] [2025-06-29T13:37:28.713Z] CLI Version:   14.8.0
[debug] [2025-06-29T13:37:28.714Z] Platform:      win32
[debug] [2025-06-29T13:37:28.714Z] Node Version:  v22.14.0
[debug] [2025-06-29T13:37:28.714Z] Time:          Sun Jun 29 2025 19:07:28 GMT+0530 (India Standard Time)
[debug] [2025-06-29T13:37:28.715Z] ----------------------------------------------------------------------
[debug] 
[debug] [2025-06-29T13:37:28.995Z] > command requires scopes: ["email","openid","https://www.googleapis.com/auth/cloudplatformprojects.readonly","https://www.googleapis.com/auth/firebase","https://www.googleapis.com/auth/cloud-platform"]
[debug] [2025-06-29T13:37:28.996Z] > authorizing via signed-in user (arnabdas1.cbss@gmail.com)
[info] 
     ######## #### ########  ######## ########     ###     ######  ########
     ##        ##  ##     ## ##       ##     ##  ##   ##  ##       ##
     ######    ##  ########  ######   ########  #########  ######  ######
     ##        ##  ##    ##  ##       ##     ## ##     ##       ## ##
     ##       #### ##     ## ######## ########  ##     ##  ######  ########

You're about to initialize a Firebase project in this directory:

  C:\Users\Asus\OneDrive\Desktop\ev-recharge-bunk

Before we get started, keep in mind:

  * You are initializing within an existing Firebase project directory

[info] 
=== Project Setup
[info] 
[info] First, let's associate this project directory with a Firebase project.
[info] You can create multiple project aliases by running firebase use --add, 
[info] but for now we'll just set up a default project.
[info] 
[debug] [2025-06-29T13:37:31.859Z] Using project from CLI flag: ev-recharge-bunk-b6707
[debug] [2025-06-29T13:37:31.862Z] Checked if tokens are valid: true, expires at: 1751207654551
[debug] [2025-06-29T13:37:31.862Z] Checked if tokens are valid: true, expires at: 1751207654551
[debug] [2025-06-29T13:37:31.864Z] >>> [apiv2][query] GET https://firebase.googleapis.com/v1beta1/projects/ev-recharge-bunk-b6707 [none]
[debug] [2025-06-29T13:37:32.767Z] <<< [apiv2][status] GET https://firebase.googleapis.com/v1beta1/projects/ev-recharge-bunk-b6707 200
[debug] [2025-06-29T13:37:32.767Z] <<< [apiv2][body] GET https://firebase.googleapis.com/v1beta1/projects/ev-recharge-bunk-b6707 {"projectId":"ev-recharge-bunk-b6707","projectNumber":"1024337257163","displayName":"ev-recharge-bunk","name":"projects/ev-recharge-bunk-b6707","resources":{"hostingSite":"ev-recharge-bunk-b6707"},"state":"ACTIVE","etag":"1_e8104fea-f133-4062-abc0-2dbcd112c891"}
[info] i  Using project ev-recharge-bunk-b6707 (ev-recharge-bunk) 
[info] 
=== Hosting Setup
[debug] [2025-06-29T13:37:32.792Z] Checked if tokens are valid: true, expires at: 1751207654551
[debug] [2025-06-29T13:37:32.792Z] Checked if tokens are valid: true, expires at: 1751207654551
[debug] [2025-06-29T13:37:32.792Z] >>> [apiv2][query] GET https://firebase.googleapis.com/v1beta1/projects/ev-recharge-bunk-b6707 [none]
[debug] [2025-06-29T13:37:33.446Z] <<< [apiv2][status] GET https://firebase.googleapis.com/v1beta1/projects/ev-recharge-bunk-b6707 200
[debug] [2025-06-29T13:37:33.446Z] <<< [apiv2][body] GET https://firebase.googleapis.com/v1beta1/projects/ev-recharge-bunk-b6707 {"projectId":"ev-recharge-bunk-b6707","projectNumber":"1024337257163","displayName":"ev-recharge-bunk","name":"projects/ev-recharge-bunk-b6707","resources":{"hostingSite":"ev-recharge-bunk-b6707"},"state":"ACTIVE","etag":"1_e8104fea-f133-4062-abc0-2dbcd112c891"}
[info] 
[info] Your public directory is the folder (relative to your project directory) that
[info] will contain Hosting assets to be uploaded with firebase deploy. If you
[info] have a build process for your assets, use your build's output directory.
[info] 
[debug] [2025-06-29T13:37:43.605Z] >>> [apiv2][query] GET https://www.gstatic.com/firebasejs/releases.json [none]
[debug] [2025-06-29T13:37:43.874Z] <<< [apiv2][status] GET https://www.gstatic.com/firebasejs/releases.json 200
[debug] [2025-06-29T13:37:43.874Z] <<< [apiv2][body] GET https://www.gstatic.com/firebasejs/releases.json {"current":{"version":"11.9.1","browserURL":"https://www.gstatic.com/firebasejs/11.9.1/firebase.js","packageURL":"https://www.gstatic.com/firebasejs/11.9.1/firebase.tgz"},"live":{"version":"11.9","browserURL":"https://www.gstatic.com/firebasejs/live/11.9/firebase.js","packageURL":"https://www.gstatic.com/firebasejs/live/11.9/firebase.tgz"},"components":{"ai":"https://www.gstatic.com/firebasejs/11.9.1/firebase-ai.js","analytics":"https://www.gstatic.com/firebasejs/11.9.1/firebase-analytics.js","app":"https://www.gstatic.com/firebasejs/11.9.1/firebase-app.js","app-check":"https://www.gstatic.com/firebasejs/11.9.1/firebase-app-check.js","auth":"https://www.gstatic.com/firebasejs/11.9.1/firebase-auth.js","auth/cordova":"https://www.gstatic.com/firebasejs/11.9.1/firebase-auth/cordova.js","auth/web-extension":"https://www.gstatic.com/firebasejs/11.9.1/firebase-auth/web-extension.js","functions":"https://www.gstatic.com/firebasejs/11.9.1/firebase-functions.js","firestore":"https://www.gstatic.com/firebasejs/11.9.1/firebase-firestore.js","firestore/lite":"https://www.gstatic.com/firebasejs/11.9.1/firebase-firestore/lite.js","installations":"https://www.gstatic.com/firebasejs/11.9.1/firebase-installations.js","storage":"https://www.gstatic.com/firebasejs/11.9.1/firebase-storage.js","performance":"https://www.gstatic.com/firebasejs/11.9.1/firebase-performance.js","remote-config":"https://www.gstatic.com/firebasejs/11.9.1/firebase-remote-config.js","messaging":"https://www.gstatic.com/firebasejs/11.9.1/firebase-messaging.js","messaging/sw":"https://www.gstatic.com/firebasejs/11.9.1/firebase-messaging/sw.js","database":"https://www.gstatic.com/firebasejs/11.9.1/firebase-database.js","vertexai":"https://www.gstatic.com/firebasejs/11.9.1/firebase-vertexai.js","data-connect":"https://www.gstatic.com/firebasejs/11.9.1/firebase-data-connect.js","firestore.memory":"https://www.gstatic.com/firebasejs/11.9.1/firebase-firestore.memory.js"}}
[info] i  public/index.html is unchanged 
[info] 
[info] i  Didn't detect a .git folder. Assuming C:\Users\Asus\OneDrive\Desktop\ev-recharge-bunk is the project root. 
[info] i  Authorizing with GitHub to upload your service account to a GitHub repository's secrets store. 
[info] 
[info] Visit this URL on this device to log in:
[info] https://github.com/login/oauth/authorize?client_id=89cf50f02ac6aaed3484&state=805131171&redirect_uri=http%3A%2F%2Flocalhost%3A9005&scope=read%3Auser%20repo%20public_repo
[info] 
[info] Waiting for authentication...
[debug] [2025-06-29T13:37:53.993Z] >>> [apiv2][query] POST https://github.com/login/oauth/access_token [none]
[debug] [2025-06-29T13:37:53.994Z] >>> [apiv2][body] POST https://github.com/login/oauth/access_token [stream]
[debug] [2025-06-29T13:37:54.565Z] <<< [apiv2][status] POST https://github.com/login/oauth/access_token 200
[debug] [2025-06-29T13:37:54.565Z] <<< [apiv2][body] POST https://github.com/login/oauth/access_token {"access_token":"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","token_type":"bearer","scope":"read:user,repo"}
[debug] [2025-06-29T13:37:54.575Z] >>> [apiv2][query] GET https://api.github.com/user [none]
[debug] [2025-06-29T13:37:55.135Z] <<< [apiv2][status] GET https://api.github.com/user 200
[debug] [2025-06-29T13:37:55.135Z] <<< [apiv2][body] GET https://api.github.com/user {"login":"arnab676667","id":213158286,"node_id":"U_kgDODLSJjg","avatar_url":"https://avatars.githubusercontent.com/u/213158286?v=4","gravatar_id":"","url":"https://api.github.com/users/arnab676667","html_url":"https://github.com/arnab676667","followers_url":"https://api.github.com/users/arnab676667/followers","following_url":"https://api.github.com/users/arnab676667/following{/other_user}","gists_url":"https://api.github.com/users/arnab676667/gists{/gist_id}","starred_url":"https://api.github.com/users/arnab676667/starred{/owner}{/repo}","subscriptions_url":"https://api.github.com/users/arnab676667/subscriptions","organizations_url":"https://api.github.com/users/arnab676667/orgs","repos_url":"https://api.github.com/users/arnab676667/repos","events_url":"https://api.github.com/users/arnab676667/events{/privacy}","received_events_url":"https://api.github.com/users/arnab676667/received_events","type":"User","user_view_type":"private","site_admin":false,"name":null,"company":null,"blog":"","location":null,"email":null,"hireable":null,"bio":null,"twitter_username":null,"notification_email":null,"public_repos":0,"public_gists":0,"followers":0,"following":0,"created_at":"2025-05-24T06:19:28Z","updated_at":"2025-06-28T14:40:49Z","private_gists":0,"total_private_repos":1,"owned_private_repos":1,"disk_usage":0,"collaborators":0,"two_factor_authentication":false,"plan":{"name":"free","space":976562499,"collaborators":0,"private_repos":10000}}
[info] 
[info] +  Success! Logged into GitHub as arnab676667 
[info] 
[debug] [2025-06-29T13:38:03.239Z] >>> [apiv2][query] GET https://api.github.com/repos//actions/secrets/public-key type=owner
[debug] [2025-06-29T13:38:03.769Z] <<< [apiv2][status] GET https://api.github.com/repos//actions/secrets/public-key 404
[debug] [2025-06-29T13:38:03.770Z] <<< [apiv2][body] GET https://api.github.com/repos//actions/secrets/public-key {"message":"Not Found","documentation_url":"https://docs.github.com/rest","status":"404"}
[info] 
[info] 
[error] !  The provided authorization cannot be used with this repository. If this repository is in an organization, did you remember to grant access? 
[info] 
[info] i  Action required: Visit this URL to ensure access has been granted to the appropriate organization(s) for the Firebase CLI GitHub OAuth App: 
[info] https://github.com/settings/connections/applications/89cf50f02ac6aaed3484
[info] 
[debug] [2025-06-29T13:38:05.553Z] >>> [apiv2][query] GET https://api.github.com/repos//actions/secrets/public-key type=owner
[debug] [2025-06-29T13:38:06.099Z] <<< [apiv2][status] GET https://api.github.com/repos//actions/secrets/public-key 404
[debug] [2025-06-29T13:38:06.099Z] <<< [apiv2][body] GET https://api.github.com/repos//actions/secrets/public-key {"message":"Not Found","documentation_url":"https://docs.github.com/rest","status":"404"}
[info] 
[info] 
[error] !  The provided authorization cannot be used with this repository. If this repository is in an organization, did you remember to grant access? 
[info] 
[info] i  Action required: Visit this URL to ensure access has been granted to the appropriate organization(s) for the Firebase CLI GitHub OAuth App: 
[info] https://github.com/settings/connections/applications/89cf50f02ac6aaed3484
[info] 
[debug] [2025-06-29T13:38:35.008Z] >>> [apiv2][query] GET https://api.github.com/repos/user/respository/actions/secrets/public-key type=owner
[debug] [2025-06-29T13:38:35.573Z] <<< [apiv2][status] GET https://api.github.com/repos/user/respository/actions/secrets/public-key 404
[debug] [2025-06-29T13:38:35.573Z] <<< [apiv2][body] GET https://api.github.com/repos/user/respository/actions/secrets/public-key {"message":"Not Found","documentation_url":"https://docs.github.com/rest/actions/secrets#get-a-repository-public-key","status":"404"}
[info] 
[info] 
[error] !  The provided authorization cannot be used with this repository. If this repository is in an organization, did you remember to grant access? 
[info] 
[info] i  Action required: Visit this URL to ensure access has been granted to the appropriate organization(s) for the Firebase CLI GitHub OAuth App: 
[info] https://github.com/settings/connections/applications/89cf50f02ac6aaed3484
[info] 
[debug] [2025-06-29T13:38:46.144Z] >>> [apiv2][query] GET https://api.github.com/repos/public/actions/secrets/public-key type=owner
[debug] [2025-06-29T13:38:46.820Z] <<< [apiv2][status] GET https://api.github.com/repos/public/actions/secrets/public-key 404
[debug] [2025-06-29T13:38:46.820Z] <<< [apiv2][body] GET https://api.github.com/repos/public/actions/secrets/public-key {"message":"Not Found","documentation_url":"https://docs.github.com/rest","status":"404"}
[info] 
[info] 
[error] !  The provided authorization cannot be used with this repository. If this repository is in an organization, did you remember to grant access? 
[info] 
[info] i  Action required: Visit this URL to ensure access has been granted to the appropriate organization(s) for the Firebase CLI GitHub OAuth App: 
[info] https://github.com/settings/connections/applications/89cf50f02ac6aaed3484
[info] 
[debug] [2025-06-29T13:41:42.571Z] >>> [apiv2][query] GET https://api.github.com/repos/arnab676667/actions/secrets/public-key type=owner
[debug] [2025-06-29T13:41:43.164Z] <<< [apiv2][status] GET https://api.github.com/repos/arnab676667/actions/secrets/public-key 404
[debug] [2025-06-29T13:41:43.164Z] <<< [apiv2][body] GET https://api.github.com/repos/arnab676667/actions/secrets/public-key {"message":"Not Found","documentation_url":"https://docs.github.com/rest","status":"404"}
[info] 
[info] 
[error] !  The provided authorization cannot be used with this repository. If this repository is in an organization, did you remember to grant access? 
[info] 
[info] i  Action required: Visit this URL to ensure access has been granted to the appropriate organization(s) for the Firebase CLI GitHub OAuth App: 
[info] https://github.com/settings/connections/applications/89cf50f02ac6aaed3484
[info] 
[debug] [2025-06-29T13:43:21.882Z] ExitPromptError: User force closed the prompt with SIGINT
    at Interface.sigint (C:\Users\Asus\AppData\Roaming\npm\node_modules\firebase-tools\node_modules\@inquirer\core\dist\commonjs\lib\create-prompt.js:101:37)
    at Interface.emit (node:events:518:28)
    at Interface.emit (node:domain:489:12)
    at [_ttyWrite] [as _ttyWrite] (node:internal/readline/interface:1124:18)
    at ReadStream.onkeypress (node:internal/readline/interface:263:20)
    at ReadStream.emit (node:events:530:35)
    at ReadStream.emit (node:domain:489:12)
    at emitKeys (node:internal/readline/utils:370:14)
    at emitKeys.next (<anonymous>)
    at ReadStream.onData (node:internal/readline/emitKeypressEvents:64:36)
[error] 
[error] Error: An unexpected error has occurred.
[debug] [2025-06-29T13:46:25.467Z] ----------------------------------------------------------------------
[debug] [2025-06-29T13:46:25.470Z] Command:       C:\Program Files\nodejs\node.exe C:\Users\Asus\AppData\Roaming\npm\node_modules\firebase-tools\lib\bin\firebase.js init hosting
[debug] [2025-06-29T13:46:25.471Z] CLI Version:   14.8.0
[debug] [2025-06-29T13:46:25.471Z] Platform:      win32
[debug] [2025-06-29T13:46:25.471Z] Node Version:  v22.14.0
[debug] [2025-06-29T13:46:25.472Z] Time:          Sun Jun 29 2025 19:16:25 GMT+0530 (India Standard Time)
[debug] [2025-06-29T13:46:25.472Z] ----------------------------------------------------------------------
[debug] 
[debug] [2025-06-29T13:46:25.780Z] > command requires scopes: ["email","openid","https://www.googleapis.com/auth/cloudplatformprojects.readonly","https://www.googleapis.com/auth/firebase","https://www.googleapis.com/auth/cloud-platform"]
[debug] [2025-06-29T13:46:25.781Z] > authorizing via signed-in user (arnabdas1.cbss@gmail.com)
[info] 
     ######## #### ########  ######## ########     ###     ######  ########
     ##        ##  ##     ## ##       ##     ##  ##   ##  ##       ##
     ######    ##  ########  ######   ########  #########  ######  ######
     ##        ##  ##    ##  ##       ##     ## ##     ##       ## ##
     ##       #### ##     ## ######## ########  ##     ##  ######  ########

You're about to initialize a Firebase project in this directory:

  C:\Users\Asus\OneDrive\Desktop\ev-recharge-bunk

Before we get started, keep in mind:

  * You are initializing within an existing Firebase project directory

[info] 
=== Project Setup
[info] 
[info] First, let's associate this project directory with a Firebase project.
[info] You can create multiple project aliases by running firebase use --add, 
[info] but for now we'll just set up a default project.
[info] 
[debug] [2025-06-29T13:46:28.683Z] Using project from CLI flag: ev-recharge-bunk-b6707
[debug] [2025-06-29T13:46:28.685Z] Checked if tokens are valid: true, expires at: 1751207654551
[debug] [2025-06-29T13:46:28.686Z] Checked if tokens are valid: true, expires at: 1751207654551
[debug] [2025-06-29T13:46:28.689Z] >>> [apiv2][query] GET https://firebase.googleapis.com/v1beta1/projects/ev-recharge-bunk-b6707 [none]
[debug] [2025-06-29T13:46:29.695Z] <<< [apiv2][status] GET https://firebase.googleapis.com/v1beta1/projects/ev-recharge-bunk-b6707 200
[debug] [2025-06-29T13:46:29.696Z] <<< [apiv2][body] GET https://firebase.googleapis.com/v1beta1/projects/ev-recharge-bunk-b6707 {"projectId":"ev-recharge-bunk-b6707","projectNumber":"1024337257163","displayName":"ev-recharge-bunk","name":"projects/ev-recharge-bunk-b6707","resources":{"hostingSite":"ev-recharge-bunk-b6707"},"state":"ACTIVE","etag":"1_e8104fea-f133-4062-abc0-2dbcd112c891"}
[info] i  Using project ev-recharge-bunk-b6707 (ev-recharge-bunk) 
[info] 
=== Hosting Setup
[debug] [2025-06-29T13:46:29.719Z] Checked if tokens are valid: true, expires at: 1751207654551
[debug] [2025-06-29T13:46:29.719Z] Checked if tokens are valid: true, expires at: 1751207654551
[debug] [2025-06-29T13:46:29.719Z] >>> [apiv2][query] GET https://firebase.googleapis.com/v1beta1/projects/ev-recharge-bunk-b6707 [none]
[debug] [2025-06-29T13:46:30.369Z] <<< [apiv2][status] GET https://firebase.googleapis.com/v1beta1/projects/ev-recharge-bunk-b6707 200
[debug] [2025-06-29T13:46:30.370Z] <<< [apiv2][body] GET https://firebase.googleapis.com/v1beta1/projects/ev-recharge-bunk-b6707 {"projectId":"ev-recharge-bunk-b6707","projectNumber":"1024337257163","displayName":"ev-recharge-bunk","name":"projects/ev-recharge-bunk-b6707","resources":{"hostingSite":"ev-recharge-bunk-b6707"},"state":"ACTIVE","etag":"1_e8104fea-f133-4062-abc0-2dbcd112c891"}
[info] 
[info] Your public directory is the folder (relative to your project directory) that
[info] will contain Hosting assets to be uploaded with firebase deploy. If you
[info] have a build process for your assets, use your build's output directory.
[info] 
[debug] [2025-06-29T13:46:37.648Z] >>> [apiv2][query] GET https://www.gstatic.com/firebasejs/releases.json [none]
[debug] [2025-06-29T13:46:37.878Z] <<< [apiv2][status] GET https://www.gstatic.com/firebasejs/releases.json 200
[debug] [2025-06-29T13:46:37.878Z] <<< [apiv2][body] GET https://www.gstatic.com/firebasejs/releases.json {"current":{"version":"11.9.1","browserURL":"https://www.gstatic.com/firebasejs/11.9.1/firebase.js","packageURL":"https://www.gstatic.com/firebasejs/11.9.1/firebase.tgz"},"live":{"version":"11.9","browserURL":"https://www.gstatic.com/firebasejs/live/11.9/firebase.js","packageURL":"https://www.gstatic.com/firebasejs/live/11.9/firebase.tgz"},"components":{"ai":"https://www.gstatic.com/firebasejs/11.9.1/firebase-ai.js","analytics":"https://www.gstatic.com/firebasejs/11.9.1/firebase-analytics.js","app":"https://www.gstatic.com/firebasejs/11.9.1/firebase-app.js","app-check":"https://www.gstatic.com/firebasejs/11.9.1/firebase-app-check.js","auth":"https://www.gstatic.com/firebasejs/11.9.1/firebase-auth.js","auth/cordova":"https://www.gstatic.com/firebasejs/11.9.1/firebase-auth/cordova.js","auth/web-extension":"https://www.gstatic.com/firebasejs/11.9.1/firebase-auth/web-extension.js","functions":"https://www.gstatic.com/firebasejs/11.9.1/firebase-functions.js","firestore":"https://www.gstatic.com/firebasejs/11.9.1/firebase-firestore.js","firestore/lite":"https://www.gstatic.com/firebasejs/11.9.1/firebase-firestore/lite.js","installations":"https://www.gstatic.com/firebasejs/11.9.1/firebase-installations.js","storage":"https://www.gstatic.com/firebasejs/11.9.1/firebase-storage.js","performance":"https://www.gstatic.com/firebasejs/11.9.1/firebase-performance.js","remote-config":"https://www.gstatic.com/firebasejs/11.9.1/firebase-remote-config.js","messaging":"https://www.gstatic.com/firebasejs/11.9.1/firebase-messaging.js","messaging/sw":"https://www.gstatic.com/firebasejs/11.9.1/firebase-messaging/sw.js","database":"https://www.gstatic.com/firebasejs/11.9.1/firebase-database.js","vertexai":"https://www.gstatic.com/firebasejs/11.9.1/firebase-vertexai.js","data-connect":"https://www.gstatic.com/firebasejs/11.9.1/firebase-data-connect.js","firestore.memory":"https://www.gstatic.com/firebasejs/11.9.1/firebase-firestore.memory.js"}}
[info] i  public/index.html is unchanged 
[info] 
[info] i  Detected a .git folder at C:\Users\Asus\OneDrive\Desktop\ev-recharge-bunk 
[info] i  Authorizing with GitHub to upload your service account to a GitHub repository's secrets store. 
[info] 
[info] Visit this URL on this device to log in:
[info] https://github.com/login/oauth/authorize?client_id=89cf50f02ac6aaed3484&state=733421971&redirect_uri=http%3A%2F%2Flocalhost%3A9005&scope=read%3Auser%20repo%20public_repo
[info] 
[info] Waiting for authentication...
[debug] [2025-06-29T13:46:38.654Z] >>> [apiv2][query] POST https://github.com/login/oauth/access_token [none]
[debug] [2025-06-29T13:46:38.654Z] >>> [apiv2][body] POST https://github.com/login/oauth/access_token [stream]
[debug] [2025-06-29T13:46:39.240Z] <<< [apiv2][status] POST https://github.com/login/oauth/access_token 200
[debug] [2025-06-29T13:46:39.240Z] <<< [apiv2][body] POST https://github.com/login/oauth/access_token {"access_token":"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","token_type":"bearer","scope":"read:user,repo"}
[debug] [2025-06-29T13:46:39.249Z] >>> [apiv2][query] GET https://api.github.com/user [none]
[debug] [2025-06-29T13:46:39.882Z] <<< [apiv2][status] GET https://api.github.com/user 200
[debug] [2025-06-29T13:46:39.882Z] <<< [apiv2][body] GET https://api.github.com/user {"login":"arnab676667","id":213158286,"node_id":"U_kgDODLSJjg","avatar_url":"https://avatars.githubusercontent.com/u/213158286?v=4","gravatar_id":"","url":"https://api.github.com/users/arnab676667","html_url":"https://github.com/arnab676667","followers_url":"https://api.github.com/users/arnab676667/followers","following_url":"https://api.github.com/users/arnab676667/following{/other_user}","gists_url":"https://api.github.com/users/arnab676667/gists{/gist_id}","starred_url":"https://api.github.com/users/arnab676667/starred{/owner}{/repo}","subscriptions_url":"https://api.github.com/users/arnab676667/subscriptions","organizations_url":"https://api.github.com/users/arnab676667/orgs","repos_url":"https://api.github.com/users/arnab676667/repos","events_url":"https://api.github.com/users/arnab676667/events{/privacy}","received_events_url":"https://api.github.com/users/arnab676667/received_events","type":"User","user_view_type":"private","site_admin":false,"name":null,"company":null,"blog":"","location":null,"email":null,"hireable":null,"bio":null,"twitter_username":null,"notification_email":null,"public_repos":0,"public_gists":0,"followers":0,"following":0,"created_at":"2025-05-24T06:19:28Z","updated_at":"2025-06-28T14:40:49Z","private_gists":0,"total_private_repos":1,"owned_private_repos":1,"disk_usage":0,"collaborators":0,"two_factor_authentication":false,"plan":{"name":"free","space":976562499,"collaborators":0,"private_repos":10000}}
[info] 
[info] +  Success! Logged into GitHub as arnab676667 
[info] 
[debug] [2025-06-29T13:46:49.514Z] >>> [apiv2][query] GET https://api.github.com/repos/ev-recharge-bunk/actions/secrets/public-key type=owner
[debug] [2025-06-29T13:46:50.036Z] <<< [apiv2][status] GET https://api.github.com/repos/ev-recharge-bunk/actions/secrets/public-key 404
[debug] [2025-06-29T13:46:50.036Z] <<< [apiv2][body] GET https://api.github.com/repos/ev-recharge-bunk/actions/secrets/public-key {"message":"Not Found","documentation_url":"https://docs.github.com/rest","status":"404"}
[info] 
[info] 
[error] !  The provided authorization cannot be used with this repository. If this repository is in an organization, did you remember to grant access? 
[info] 
[info] i  Action required: Visit this URL to ensure access has been granted to the appropriate organization(s) for the Firebase CLI GitHub OAuth App: 
[info] https://github.com/settings/connections/applications/89cf50f02ac6aaed3484
[info] 
[debug] [2025-06-29T13:47:52.195Z] ExitPromptError: User force closed the prompt with SIGINT
    at Interface.sigint (C:\Users\Asus\AppData\Roaming\npm\node_modules\firebase-tools\node_modules\@inquirer\core\dist\commonjs\lib\create-prompt.js:101:37)
    at Interface.emit (node:events:518:28)
    at Interface.emit (node:domain:489:12)
    at [_ttyWrite] [as _ttyWrite] (node:internal/readline/interface:1124:18)
    at ReadStream.onkeypress (node:internal/readline/interface:263:20)
    at ReadStream.emit (node:events:530:35)
    at ReadStream.emit (node:domain:489:12)
    at emitKeys (node:internal/readline/utils:370:14)
    at emitKeys.next (<anonymous>)
    at ReadStream.onData (node:internal/readline/emitKeypressEvents:64:36)
[error] 
[error] Error: An unexpected error has occurred.
